#
# There is insufficient memory for the Java Runtime Environment to continue.
# Native memory allocation (malloc) failed to allocate 32744 bytes for ChunkPool::allocate
# Possible reasons:
#   The system is out of physical RAM or swap space
#   In 32 bit mode, the process size limit was hit
# Possible solutions:
#   Reduce memory load on the system
#   Increase physical memory or swap space
#   Check if swap backing store is full
#   Use 64 bit Java on a 64 bit OS
#   Decrease Java heap size (-Xmx/-Xms)
#   Decrease number of Java threads
#   Decrease Java thread stack sizes (-Xss)
#   Set larger code cache with -XX:ReservedCodeCacheSize=
# This output file may be truncated or incomplete.
#
#  Out of Memory Error (allocation.cpp:273), pid=8960, tid=0x00000000000004c0
#
# JRE version: OpenJDK Runtime Environment (8.0_76-b03) (build 1.8.0_76-release-b03)
# Java VM: OpenJDK 64-Bit Server VM (25.76-b03 mixed mode windows-amd64 compressed oops)
# Failed to write core dump. Minidumps are not enabled by default on client versions of Windows
#

---------------  T H R E A D  ---------------

Current thread (0x000000001658d800):  JavaThread "C1 CompilerThread2" daemon [_thread_in_native, id=1216, stack(0x0000000017d60000,0x0000000017e60000)]

Stack: [0x0000000017d60000,0x0000000017e60000]
[error occurred during error reporting (printing stack bounds), id 0xc0000005]

Native frames: (J=compiled Java code, j=interpreted, Vv=VM code, C=native code)


Current CompileTask:
C1:   9160 1783       3       java.net.URLStreamHandler::parseURL (1158 bytes)


---------------  P R O C E S S  ---------------

Java Threads: ( => current thread )
  0x000000001b137000 JavaThread "File lock request listener" [_thread_in_native, id=2032, stack(0x000000001c020000,0x000000001c120000)]
  0x0000000018e8c000 JavaThread "Stdin handler" [_thread_blocked, id=6972, stack(0x000000001a950000,0x000000001aa50000)]
  0x0000000018e8b800 JavaThread "Asynchronous log dispatcher for org.gradle.launcher.daemon.server.DefaultDaemonConnection@1ef6194b" [_thread_blocked, id=8844, stack(0x000000001a850000,0x000000001a950000)]
  0x0000000018e85000 JavaThread "Daemon worker" [_thread_in_native, id=592, stack(0x000000001a750000,0x000000001a850000)]
  0x0000000018e80000 JavaThread "Cancel handler" [_thread_blocked, id=6624, stack(0x000000001a650000,0x000000001a750000)]
  0x0000000019711800 JavaThread "Handler for socket connection from /127.0.0.1:1338 to /127.0.0.1:1339" [_thread_in_native, id=3760, stack(0x000000001a550000,0x000000001a650000)]
  0x0000000019706000 JavaThread "Daemon" [_thread_blocked, id=3376, stack(0x000000001a450000,0x000000001a550000)]
  0x0000000019761800 JavaThread "pool-1-thread-1" [_thread_blocked, id=9060, stack(0x000000001a350000,0x000000001a450000)]
  0x0000000019438800 JavaThread "Incoming local TCP Connector on port 1338" [_thread_in_native, id=5876, stack(0x0000000019f70000,0x000000001a070000)]
  0x0000000017e64000 JavaThread "Service Thread" daemon [_thread_blocked, id=3932, stack(0x0000000018260000,0x0000000018360000)]
=>0x000000001658d800 JavaThread "C1 CompilerThread2" daemon [_thread_in_native, id=1216, stack(0x0000000017d60000,0x0000000017e60000)]
  0x0000000016588000 JavaThread "C2 CompilerThread1" daemon [_thread_in_native, id=3672, stack(0x0000000017c60000,0x0000000017d60000)]
  0x0000000016537800 JavaThread "C2 CompilerThread0" daemon [_thread_in_native, id=5400, stack(0x0000000017b60000,0x0000000017c60000)]
  0x0000000016536000 JavaThread "Attach Listener" daemon [_thread_blocked, id=1224, stack(0x0000000017a60000,0x0000000017b60000)]
  0x0000000016534800 JavaThread "Signal Dispatcher" daemon [_thread_blocked, id=4388, stack(0x0000000017960000,0x0000000017a60000)]
  0x0000000016518800 JavaThread "Finalizer" daemon [_thread_blocked, id=8104, stack(0x0000000017780000,0x0000000017880000)]
  0x0000000002bb1000 JavaThread "Reference Handler" daemon [_thread_blocked, id=3788, stack(0x0000000017680000,0x0000000017780000)]
  0x0000000002ac0800 JavaThread "main" [_thread_blocked, id=2432, stack(0x00000000029c0000,0x0000000002ac0000)]

Other Threads:
  0x00000000164f6800 VMThread [stack: 0x0000000017580000,0x0000000017680000] [id=7488]
  0x0000000017e65800 WatcherThread [stack: 0x0000000018360000,0x0000000018460000] [id=3640]

VM state:not at safepoint (normal execution)

VM Mutex/Monitor currently owned by a thread: None

Heap:
 PSYoungGen      total 35328K, used 17689K [0x00000000e0000000, 0x00000000e4500000, 0x0000000100000000)
  eden space 32768K, 46% used [0x00000000e0000000,0x00000000e0ece5e8,0x00000000e2000000)
  from space 2560K, 98% used [0x00000000e4280000,0x00000000e44f8020,0x00000000e4500000)
  to   space 2560K, 0% used [0x00000000e2000000,0x00000000e2000000,0x00000000e2280000)
 ParOldGen       total 44032K, used 9778K [0x00000000a0000000, 0x00000000a2b00000, 0x00000000e0000000)
  object space 44032K, 22% used [0x00000000a0000000,0x00000000a098c800,0x00000000a2b00000)
 Metaspace       used 20059K, capacity 20498K, committed 20736K, reserved 1067008K
  class space    used 2601K, capacity 2747K, committed 2816K, reserved 1048576K

Card table byte_map: [0x0000000011f80000,0x0000000012290000] byte_map_base: 0x0000000011a80000

Marking Bits: (ParMarkBitMap*) 0x0000000077f79d00
 Begin Bits: [0x0000000012890000, 0x0000000014090000)
 End Bits:   [0x0000000014090000, 0x0000000015890000)

Polling page: 0x00000000010c0000

CodeCache: size=245760Kb used=7121Kb max_used=7121Kb free=238638Kb
 bounds [0x0000000002bc0000, 0x00000000032c0000, 0x0000000011bc0000]
 total_blobs=2392 nmethods=1771 adapters=534
 compilation: enabled

Compilation events (10 events):
Event: 9.077 Thread 0x000000001658d800 nmethod 1778 0x00000000032b4f50 code [0x00000000032b50e0, 0x00000000032b5450]
Event: 9.077 Thread 0x000000001658d800 1779       3       groovy.lang.MetaBeanProperty::<init> (18 bytes)
Event: 9.077 Thread 0x000000001658d800 nmethod 1779 0x00000000032b55d0 code [0x00000000032b5740, 0x00000000032b59b0]
Event: 9.077 Thread 0x000000001658d800 1781       3       org.codehaus.groovy.reflection.CachedField::getModifiers (8 bytes)
Event: 9.077 Thread 0x000000001658d800 nmethod 1781 0x00000000032b5ad0 code [0x00000000032b5c20, 0x00000000032b5e10]
Event: 9.077 Thread 0x000000001658d800 1777       3       java.util.TreeMap$PrivateEntryIterator::nextEntry (54 bytes)
Event: 9.078 Thread 0x000000001658d800 nmethod 1777 0x00000000032b5ed0 code [0x00000000032b6060, 0x00000000032b6428]
Event: 9.082 Thread 0x000000001658d800 1782       3       sun.net.www.protocol.file.Handler::parseURL (18 bytes)
Event: 9.083 Thread 0x000000001658d800 nmethod 1782 0x00000000032b6610 code [0x00000000032b6780, 0x00000000032b69f8]
Event: 9.083 Thread 0x000000001658d800 1783       3       java.net.URLStreamHandler::parseURL (1158 bytes)

GC Heap History (8 events):
Event: 1.694 GC heap before
{Heap before GC invocations=1 (full 0):
 PSYoungGen      total 18944K, used 16384K [0x00000000e0000000, 0x00000000e1500000, 0x0000000100000000)
  eden space 16384K, 100% used [0x00000000e0000000,0x00000000e1000000,0x00000000e1000000)
  from space 2560K, 0% used [0x00000000e1280000,0x00000000e1280000,0x00000000e1500000)
  to   space 2560K, 0% used [0x00000000e1000000,0x00000000e1000000,0x00000000e1280000)
 ParOldGen       total 44032K, used 0K [0x00000000a0000000, 0x00000000a2b00000, 0x00000000e0000000)
  object space 44032K, 0% used [0x00000000a0000000,0x00000000a0000000,0x00000000a2b00000)
 Metaspace       used 5542K, capacity 6168K, committed 6400K, reserved 1056768K
  class space    used 701K, capacity 760K, committed 768K, reserved 1048576K
Event: 1.715 GC heap after
Heap after GC invocations=1 (full 0):
 PSYoungGen      total 18944K, used 2549K [0x00000000e0000000, 0x00000000e2500000, 0x0000000100000000)
  eden space 16384K, 0% used [0x00000000e0000000,0x00000000e0000000,0x00000000e1000000)
  from space 2560K, 99% used [0x00000000e1000000,0x00000000e127d6f8,0x00000000e1280000)
  to   space 2560K, 0% used [0x00000000e2280000,0x00000000e2280000,0x00000000e2500000)
 ParOldGen       total 44032K, used 448K [0x00000000a0000000, 0x00000000a2b00000, 0x00000000e0000000)
  object space 44032K, 1% used [0x00000000a0000000,0x00000000a0070060,0x00000000a2b00000)
 Metaspace       used 5542K, capacity 6168K, committed 6400K, reserved 1056768K
  class space    used 701K, capacity 760K, committed 768K, reserved 1048576K
}
Event: 2.360 GC heap before
{Heap before GC invocations=2 (full 0):
 PSYoungGen      total 18944K, used 18933K [0x00000000e0000000, 0x00000000e2500000, 0x0000000100000000)
  eden space 16384K, 100% used [0x00000000e0000000,0x00000000e1000000,0x00000000e1000000)
  from space 2560K, 99% used [0x00000000e1000000,0x00000000e127d6f8,0x00000000e1280000)
  to   space 2560K, 0% used [0x00000000e2280000,0x00000000e2280000,0x00000000e2500000)
 ParOldGen       total 44032K, used 448K [0x00000000a0000000, 0x00000000a2b00000, 0x00000000e0000000)
  object space 44032K, 1% used [0x00000000a0000000,0x00000000a0070060,0x00000000a2b00000)
 Metaspace       used 5789K, capacity 6288K, committed 6528K, reserved 1056768K
  class space    used 731K, capacity 800K, committed 896K, reserved 1048576K
Event: 2.367 GC heap after
Heap after GC invocations=2 (full 0):
 PSYoungGen      total 35328K, used 2028K [0x00000000e0000000, 0x00000000e2500000, 0x0000000100000000)
  eden space 32768K, 0% used [0x00000000e0000000,0x00000000e0000000,0x00000000e2000000)
  from space 2560K, 79% used [0x00000000e2280000,0x00000000e247b2a0,0x00000000e2500000)
  to   space 2560K, 0% used [0x00000000e2000000,0x00000000e2000000,0x00000000e2280000)
 ParOldGen       total 44032K, used 456K [0x00000000a0000000, 0x00000000a2b00000, 0x00000000e0000000)
  object space 44032K, 1% used [0x00000000a0000000,0x00000000a0072060,0x00000000a2b00000)
 Metaspace       used 5789K, capacity 6288K, committed 6528K, reserved 1056768K
  class space    used 731K, capacity 800K, committed 896K, reserved 1048576K
}
Event: 4.579 GC heap before
{Heap before GC invocations=3 (full 0):
 PSYoungGen      total 35328K, used 34796K [0x00000000e0000000, 0x00000000e2500000, 0x0000000100000000)
  eden space 32768K, 100% used [0x00000000e0000000,0x00000000e2000000,0x00000000e2000000)
  from space 2560K, 79% used [0x00000000e2280000,0x00000000e247b2a0,0x00000000e2500000)
  to   space 2560K, 0% used [0x00000000e2000000,0x00000000e2000000,0x00000000e2280000)
 ParOldGen       total 44032K, used 456K [0x00000000a0000000, 0x00000000a2b00000, 0x00000000e0000000)
  object space 44032K, 1% used [0x00000000a0000000,0x00000000a0072060,0x00000000a2b00000)
 Metaspace       used 12327K, capacity 12702K, committed 12800K, reserved 1060864K
  class space    used 1646K, capacity 1781K, committed 1792K, reserved 1048576K
Event: 4.592 GC heap after
Heap after GC invocations=3 (full 0):
 PSYoungGen      total 35328K, used 2528K [0x00000000e0000000, 0x00000000e4500000, 0x0000000100000000)
  eden space 32768K, 0% used [0x00000000e0000000,0x00000000e0000000,0x00000000e2000000)
  from space 2560K, 98% used [0x00000000e2000000,0x00000000e2278020,0x00000000e2280000)
  to   space 2560K, 0% used [0x00000000e4280000,0x00000000e4280000,0x00000000e4500000)
 ParOldGen       total 44032K, used 3734K [0x00000000a0000000, 0x00000000a2b00000, 0x00000000e0000000)
  object space 44032K, 8% used [0x00000000a0000000,0x00000000a03a59e0,0x00000000a2b00000)
 Metaspace       used 12327K, capacity 12702K, committed 12800K, reserved 1060864K
  class space    used 1646K, capacity 1781K, committed 1792K, reserved 1048576K
}
Event: 8.141 GC heap before
{Heap before GC invocations=4 (full 0):
 PSYoungGen      total 35328K, used 35296K [0x00000000e0000000, 0x00000000e4500000, 0x0000000100000000)
  eden space 32768K, 100% used [0x00000000e0000000,0x00000000e2000000,0x00000000e2000000)
  from space 2560K, 98% used [0x00000000e2000000,0x00000000e2278020,0x00000000e2280000)
  to   space 2560K, 0% used [0x00000000e4280000,0x00000000e4280000,0x00000000e4500000)
 ParOldGen       total 44032K, used 3734K [0x00000000a0000000, 0x00000000a2b00000, 0x00000000e0000000)
  object space 44032K, 8% used [0x00000000a0000000,0x00000000a03a59e0,0x00000000a2b00000)
 Metaspace       used 18347K, capacity 18700K, committed 18816K, reserved 1064960K
  class space    used 2453K, capacity 2598K, committed 2688K, reserved 1048576K
Event: 8.168 GC heap after
Heap after GC invocations=4 (full 0):
 PSYoungGen      total 35328K, used 2528K [0x00000000e0000000, 0x00000000e4500000, 0x0000000100000000)
  eden space 32768K, 0% used [0x00000000e0000000,0x00000000e0000000,0x00000000e2000000)
  from space 2560K, 98% used [0x00000000e4280000,0x00000000e44f8020,0x00000000e4500000)
  to   space 2560K, 0% used [0x00000000e2000000,0x00000000e2000000,0x00000000e2280000)
 ParOldGen       total 44032K, used 9778K [0x00000000a0000000, 0x00000000a2b00000, 0x00000000e0000000)
  object space 44032K, 22% used [0x00000000a0000000,0x00000000a098c800,0x00000000a2b00000)
 Metaspace       used 18347K, capacity 18700K, committed 18816K, reserved 1064960K
  class space    used 2453K, capacity 2598K, committed 2688K, reserved 1048576K
}

Deoptimization events (10 events):
Event: 8.014 Thread 0x0000000018e85000 Uncommon trap: reason=unstable_if action=reinterpret pc=0x0000000002ea632c method=java.lang.AbstractStringBuilder.append(Ljava/lang/String;)Ljava/lang/AbstractStringBuilder; @ 1
Event: 8.015 Thread 0x0000000018e85000 Uncommon trap: reason=unstable_if action=reinterpret pc=0x0000000002dfb9c0 method=java.lang.AbstractStringBuilder.append(Ljava/lang/String;)Ljava/lang/AbstractStringBuilder; @ 1
Event: 8.494 Thread 0x0000000018e85000 Uncommon trap: reason=class_check action=maybe_recompile pc=0x0000000002f5e3e4 method=sun.misc.URLClassPath.getLoader(I)Lsun/misc/URLClassPath$Loader; @ 94
Event: 8.494 Thread 0x0000000018e85000 Uncommon trap: reason=class_check action=maybe_recompile pc=0x0000000002e8152c method=sun.misc.URLClassPath.getResource(Ljava/lang/String;Z)Lsun/misc/Resource; @ 62
Event: 8.495 Thread 0x0000000018e85000 Uncommon trap: reason=unstable_if action=reinterpret pc=0x0000000002f789bc method=sun.net.www.ParseUtil.encodePath(Ljava/lang/String;Z)Ljava/lang/String; @ 109
Event: 8.534 Thread 0x0000000018e85000 Uncommon trap: reason=class_check action=maybe_recompile pc=0x0000000002f5e518 method=sun.misc.URLClassPath.getLoader(I)Lsun/misc/URLClassPath$Loader; @ 193
Event: 8.557 Thread 0x0000000018e85000 Uncommon trap: reason=class_check action=maybe_recompile pc=0x0000000002f5e518 method=sun.misc.URLClassPath.getLoader(I)Lsun/misc/URLClassPath$Loader; @ 193
Event: 8.557 Thread 0x0000000018e85000 Uncommon trap: reason=unstable_if action=reinterpret pc=0x0000000002edcf28 method=sun.net.www.ParseUtil.encodePath(Ljava/lang/String;Z)Ljava/lang/String; @ 109
Event: 8.584 Thread 0x0000000018e85000 Uncommon trap: reason=class_check action=maybe_recompile pc=0x0000000002f5e518 method=sun.misc.URLClassPath.getLoader(I)Lsun/misc/URLClassPath$Loader; @ 193
Event: 8.905 Thread 0x0000000018e85000 Uncommon trap: reason=class_check action=maybe_recompile pc=0x0000000002f64eec method=sun.misc.URLClassPath.getLoader(I)Lsun/misc/URLClassPath$Loader; @ 94

Internal exceptions (10 events):
Event: 8.927 Thread 0x0000000018e85000 Exception <a 'java/lang/ClassNotFoundException': java/lang/SystemCustomizer> (0x00000000e0b73f60) thrown at [C:\src\android\AOSP-openjdk\external\jetbrains\jdk\hotspot\src\share\vm\classfile\systemDictionary.cpp, line 210]
Event: 9.038 Thread 0x0000000018e85000 Exception <a 'java/lang/ClassNotFoundException': groovy/runtime/metaclass/[Ljava/lang/String;MetaClass> (0x00000000e0ceb8d8) thrown at [C:\src\android\AOSP-openjdk\external\jetbrains\jdk\hotspot\src\share\vm\prims\jni.cpp, line 735]
Event: 9.040 Thread 0x0000000018e85000 Exception <a 'java/lang/ClassNotFoundException': [Ljava/lang/String;BeanInfo> (0x00000000e0cf6560) thrown at [C:\src\android\AOSP-openjdk\external\jetbrains\jdk\hotspot\src\share\vm\prims\jni.cpp, line 735]
Event: 9.041 Thread 0x0000000018e85000 Exception <a 'java/lang/ClassNotFoundException': [Ljava/lang/String;BeanInfo> (0x00000000e0cf6ba0) thrown at [C:\src\android\AOSP-openjdk\external\jetbrains\jdk\hotspot\src\share\vm\prims\jni.cpp, line 735]
Event: 9.041 Thread 0x0000000018e85000 Exception <a 'java/lang/ClassNotFoundException': [Ljava/lang/String;Customizer> (0x00000000e0cf73b8) thrown at [C:\src\android\AOSP-openjdk\external\jetbrains\jdk\hotspot\src\share\vm\prims\jni.cpp, line 735]
Event: 9.041 Thread 0x0000000018e85000 Exception <a 'java/lang/ClassNotFoundException': [Ljava/lang/String;Customizer> (0x00000000e0cf7a00) thrown at [C:\src\android\AOSP-openjdk\external\jetbrains\jdk\hotspot\src\share\vm\prims\jni.cpp, line 735]
Event: 9.054 Thread 0x0000000018e85000 Exception <a 'java/lang/ClassNotFoundException': java/io/FileBeanInfo> (0x00000000e0d2ddf8) thrown at [C:\src\android\AOSP-openjdk\external\jetbrains\jdk\hotspot\src\share\vm\classfile\systemDictionary.cpp, line 210]
Event: 9.054 Thread 0x0000000018e85000 Exception <a 'java/lang/ClassNotFoundException': java/io/FileCustomizer> (0x00000000e0d30408) thrown at [C:\src\android\AOSP-openjdk\external\jetbrains\jdk\hotspot\src\share\vm\classfile\systemDictionary.cpp, line 210]
Event: 9.067 Thread 0x0000000018e85000 Exception <a 'java/lang/ClassNotFoundException': java/net/URIBeanInfo> (0x00000000e0d7e298) thrown at [C:\src\android\AOSP-openjdk\external\jetbrains\jdk\hotspot\src\share\vm\classfile\systemDictionary.cpp, line 210]
Event: 9.067 Thread 0x0000000018e85000 Exception <a 'java/lang/ClassNotFoundException': java/net/URICustomizer> (0x00000000e0d808a8) thrown at [C:\src\android\AOSP-openjdk\external\jetbrains\jdk\hotspot\src\share\vm\classfile\systemDictionary.cpp, line 210]

Events (10 events):
Event: 9.067 loading class java/net/URICustomizer
Event: 9.067 loading class java/net/URICustomizer done
Event: 9.067 loading class java/net/URICustomizer
Event: 9.067 loading class java/net/URICustomizer done
Event: 9.073 loading class groovy/lang/GroovyRuntimeException
Event: 9.073 loading class groovy/lang/GroovyRuntimeException done
Event: 9.083 loading class org/codehaus/groovy/runtime/ScriptBytecodeAdapter
Event: 9.083 loading class org/codehaus/groovy/runtime/ScriptBytecodeAdapter done
Event: 9.083 loading class org/codehaus/groovy/runtime/ScriptBytecodeAdapter
Event: 9.083 loading class org/codehaus/groovy/runtime/ScriptBytecodeAdapter done


Dynamic libraries:
0x00007ff7d8790000 - 0x00007ff7d87c1000 	C:\Program Files\Android\Android Studio\jre\bin\java.exe
0x00007ffe37d10000 - 0x00007ffe37ed1000 	C:\WINDOWS\SYSTEM32\ntdll.dll
0x00007ffe36fd0000 - 0x00007ffe3707d000 	C:\WINDOWS\system32\KERNEL32.DLL
0x00007ffe34b70000 - 0x00007ffe34d58000 	C:\WINDOWS\system32\KERNELBASE.dll
0x00007ffe35170000 - 0x00007ffe35217000 	C:\WINDOWS\system32\ADVAPI32.dll
0x00007ffe36aa0000 - 0x00007ffe36b3d000 	C:\WINDOWS\system32\msvcrt.dll
0x00007ffe35220000 - 0x00007ffe3527b000 	C:\WINDOWS\system32\sechost.dll
0x00007ffe352a0000 - 0x00007ffe353bc000 	C:\WINDOWS\system32\RPCRT4.dll
0x00007ffe37ad0000 - 0x00007ffe37c26000 	C:\WINDOWS\system32\USER32.dll
0x00007ffe374a0000 - 0x00007ffe37627000 	C:\WINDOWS\system32\GDI32.dll
0x00007ffe25f80000 - 0x00007ffe261f4000 	C:\WINDOWS\WinSxS\amd64_microsoft.windows.common-controls_6595b64144ccf1df_6.0.10586.839_none_a2ddba30a539a2ae\COMCTL32.dll
0x00007ffe37630000 - 0x00007ffe378ae000 	C:\WINDOWS\system32\combase.dll
0x00007ffe343c0000 - 0x00007ffe3442a000 	C:\WINDOWS\system32\bcryptPrimitives.dll
0x00007ffe36b40000 - 0x00007ffe36b7b000 	C:\WINDOWS\system32\IMM32.DLL
0x0000000050240000 - 0x0000000050312000 	C:\Program Files\Android\Android Studio\jre\jre\bin\msvcr100.dll
0x00000000777c0000 - 0x0000000077ff4000 	C:\Program Files\Android\Android Studio\jre\jre\bin\server\jvm.dll
0x00007ffe37c30000 - 0x00007ffe37c38000 	C:\WINDOWS\system32\PSAPI.DLL
0x00007ffe318a0000 - 0x00007ffe318a9000 	C:\WINDOWS\SYSTEM32\WSOCK32.dll
0x00007ffe37a60000 - 0x00007ffe37acb000 	C:\WINDOWS\system32\WS2_32.dll
0x00007ffe32730000 - 0x00007ffe32753000 	C:\WINDOWS\SYSTEM32\WINMM.dll
0x00007ffe32610000 - 0x00007ffe3263c000 	C:\WINDOWS\SYSTEM32\WINMMBASE.dll
0x00007ffe34e40000 - 0x00007ffe34e83000 	C:\WINDOWS\system32\cfgmgr32.dll
0x00007ffe28d70000 - 0x00007ffe28d7a000 	C:\WINDOWS\SYSTEM32\VERSION.dll
0x00007ffe2f630000 - 0x00007ffe2f63f000 	C:\Program Files\Android\Android Studio\jre\jre\bin\verify.dll
0x00007ffe2cb70000 - 0x00007ffe2cb99000 	C:\Program Files\Android\Android Studio\jre\jre\bin\java.dll
0x00007ffe2f610000 - 0x00007ffe2f626000 	C:\Program Files\Android\Android Studio\jre\jre\bin\zip.dll
0x00007ffe354d0000 - 0x00007ffe36a2c000 	C:\WINDOWS\system32\SHELL32.dll
0x00007ffe344c0000 - 0x00007ffe34b04000 	C:\WINDOWS\system32\windows.storage.dll
0x00007ffe35110000 - 0x00007ffe35162000 	C:\WINDOWS\system32\shlwapi.dll
0x00007ffe343a0000 - 0x00007ffe343af000 	C:\WINDOWS\system32\kernel.appcore.dll
0x00007ffe34d80000 - 0x00007ffe34e35000 	C:\WINDOWS\system32\shcore.dll
0x00007ffe34330000 - 0x00007ffe3437b000 	C:\WINDOWS\system32\powrprof.dll
0x00007ffe34380000 - 0x00007ffe34394000 	C:\WINDOWS\system32\profapi.dll
0x00007ffe2cad0000 - 0x00007ffe2caea000 	C:\Program Files\Android\Android Studio\jre\jre\bin\net.dll
0x00007ffe33c00000 - 0x00007ffe33c5c000 	C:\WINDOWS\system32\mswsock.dll
0x00007ffe2ac00000 - 0x00007ffe2ac11000 	C:\Program Files\Android\Android Studio\jre\jre\bin\nio.dll
0x00007ffe1ea50000 - 0x00007ffe1ea62000 	C:\Users\harri\.gradle\native\19\windows-amd64\native-platform.dll
0x00007ffe33cb0000 - 0x00007ffe33cc7000 	C:\WINDOWS\SYSTEM32\CRYPTSP.dll
0x00007ffe33940000 - 0x00007ffe33974000 	C:\WINDOWS\system32\rsaenh.dll
0x00007ffe34260000 - 0x00007ffe34289000 	C:\WINDOWS\SYSTEM32\bcrypt.dll
0x00007ffe33a90000 - 0x00007ffe33aaf000 	C:\WINDOWS\SYSTEM32\USERENV.dll
0x00007ffe33dd0000 - 0x00007ffe33ddb000 	C:\WINDOWS\SYSTEM32\CRYPTBASE.dll
0x00007ffe2bcb0000 - 0x00007ffe2bce8000 	C:\WINDOWS\SYSTEM32\IPHLPAPI.DLL
0x00007ffe36fc0000 - 0x00007ffe36fc8000 	C:\WINDOWS\system32\NSI.dll
0x00007ffe2b410000 - 0x00007ffe2b426000 	C:\WINDOWS\SYSTEM32\dhcpcsvc6.DLL
0x00007ffe2b4e0000 - 0x00007ffe2b4fa000 	C:\WINDOWS\SYSTEM32\dhcpcsvc.DLL
0x00007ffe2cb10000 - 0x00007ffe2cb1d000 	C:\Program Files\Android\Android Studio\jre\jre\bin\management.dll

VM Arguments:
jvm_args: -Xmx1536m -Dfile.encoding=windows-1252 -Duser.country=US -Duser.language=en -Duser.variant 
java_command: org.gradle.launcher.daemon.bootstrap.GradleDaemon 2.14.1
java_class_path (initial): C:\Users\harri\.gradle\wrapper\dists\gradle-2.14.1-all\8bnwg5hd3w55iofp58khbp6yv\gradle-2.14.1\lib\gradle-launcher-2.14.1.jar
Launcher Type: SUN_STANDARD

Environment Variables:
JAVA_HOME=C:\Program Files\Java\jdk1.8.0_131
PATH=C:\ProgramData\Oracle\Java\javapath;C:\Program Files (x86)\Intel\iCLS Client\;C:\Program Files\Intel\iCLS Client\;C:\WINDOWS\system32;C:\WINDOWS;C:\WINDOWS\System32\Wbem;C:\WINDOWS\System32\WindowsPowerShell\v1.0\;C:\Program Files (x86)\Intel\Intel(R) Management Engine Components\DAL;C:\Program Files\Intel\Intel(R) Management Engine Components\DAL;C:\Program Files (x86)\Intel\Intel(R) Management Engine Components\IPT;C:\Program Files\Intel\Intel(R) Management Engine Components\IPT;C:\Program Files (x86)\Skype\Phone\;C:\Users\harri\AppData\Local\GitHubDesktop\bin
USERNAME=harri
OS=Windows_NT
PROCESSOR_IDENTIFIER=Intel64 Family 6 Model 61 Stepping 4, GenuineIntel



---------------  S Y S T E M  ---------------

OS: Windows 10.0 , 64 bit Build 10586 (10.0.10586.589)

CPU:total 4 (2 cores per cpu, 2 threads per core) family 6 model 61 stepping 4, cmov, cx8, fxsr, mmx, sse, sse2, sse3, ssse3, sse4.1, sse4.2, popcnt, avx, avx2, aes, clmul, erms, 3dnowpref, lzcnt, ht, tsc, tscinvbit, bmi1, bmi2, adx

Memory: 4k page, physical 4107804k(196084k free), swap 7873048k(7248k free)

vm_info: OpenJDK 64-Bit Server VM (25.76-b03) for windows-amd64 JRE (1.8.0_76-release-b03), built on Jun 29 2016 19:09:20 by "ralucas" with MS VC++ 10.0 (VS2010)

time: Wed Aug 30 21:48:56 2017
elapsed time: 9 seconds (0d 0h 0m 9s)

